<?xml version="1.0" encoding="utf-8"?><testsuite errors="0" failures="0" name="pytest" skips="0" tests="1" time="33.975"><testcase classname="TestCases.test_login.Test_Login" file="TestCases\test_login.py" line="20" name="test_1_login_success" time="33.91193985939026"><system-err> Fri, 22 Jun 2018 15:13:27  INFO test_login.py test_1_login_success [ line:23 ] ========开始执行测试用例：登陆成功用例=========
 Fri, 22 Jun 2018 15:13:30  INFO BasePage.py find_element [ line:42 ] 当前元素定位类型：xpath，当前查找的元素为：//*[@name=&apos;phone&apos;]
 Fri, 22 Jun 2018 15:13:30  INFO BasePage.py wait_eleVisible [ line:29 ] wait element visible start time：1529651610.5378737，end time：1529651610.5738757,total wait times is: 0.03600192070007324
 Fri, 22 Jun 2018 15:13:30  INFO BasePage.py find_element [ line:42 ] 当前元素定位类型：xpath，当前查找的元素为：//*[@name=&apos;password&apos;]
 Fri, 22 Jun 2018 15:13:30  INFO BasePage.py wait_eleVisible [ line:29 ] wait element visible start time：1529651610.6958828，end time：1529651610.7318847,total wait times is: 0.03600192070007324
 Fri, 22 Jun 2018 15:13:30  INFO BasePage.py find_element [ line:42 ] 当前元素定位类型：xpath，当前查找的元素为：//button
 Fri, 22 Jun 2018 15:13:30  INFO BasePage.py wait_eleVisible [ line:29 ] wait element visible start time：1529651610.8248901，end time：1529651610.8598921,total wait times is: 0.03500199317932129
 Fri, 22 Jun 2018 15:13:52  INFO BasePage.py find_element [ line:42 ] 当前元素定位类型：xpath，当前查找的元素为：//a[@href=&quot;/Member/index.html&quot;]
 Fri, 22 Jun 2018 15:13:52  INFO BasePage.py wait_eleVisible [ line:29 ] wait element visible start time：1529651632.3021183，end time：1529651632.3771229,total wait times is: 0.07500457763671875
</system-err></testcase></testsuite>